{"Q:\\use-cron-parser\\src\\timeHelpers.ts": {"path":"Q:\\use-cron-parser\\src\\timeHelpers.ts","statementMap":{"0":{"start":{"line":1,"column":13},"end":{"line":9,"column":2}},"1":{"start":{"line":5,"column":16},"end":{"line":5,"column":35}},"2":{"start":{"line":6,"column":15},"end":{"line":6,"column":33}},"3":{"start":{"line":8,"column":2},"end":{"line":8,"column":44}},"4":{"start":{"line":11,"column":13},"end":{"line":23,"column":2}},"5":{"start":{"line":12,"column":21},"end":{"line":12,"column":36}},"6":{"start":{"line":13,"column":2},"end":{"line":20,"column":null}},"7":{"start":{"line":14,"column":4},"end":{"line":14,"column":19}},"8":{"start":{"line":16,"column":24},"end":{"line":16,"column":91}},"9":{"start":{"line":17,"column":4},"end":{"line":19,"column":null}},"10":{"start":{"line":18,"column":6},"end":{"line":18,"column":12}},"11":{"start":{"line":22,"column":2},"end":{"line":22,"column":68}}},"fnMap":{"0":{"name":"(anonymous_0)","decl":{"start":{"line":1,"column":36},"end":{"line":1,"column":37}},"loc":{"start":{"line":1,"column":47},"end":{"line":9,"column":1}}},"1":{"name":"(anonymous_1)","decl":{"start":{"line":11,"column":36},"end":{"line":11,"column":37}},"loc":{"start":{"line":11,"column":69},"end":{"line":23,"column":1}}}},"branchMap":{"0":{"loc":{"start":{"line":17,"column":4},"end":{"line":19,"column":null}},"type":"if","locations":[{"start":{"line":17,"column":4},"end":{"line":19,"column":null}},{"start":{"line":17,"column":4},"end":{"line":19,"column":null}}]}},"s":{"0":1,"1":12,"2":12,"3":12,"4":1,"5":2,"6":2,"7":3,"8":3,"9":3,"10":2,"11":2},"f":{"0":12,"1":2},"b":{"0":[2,1]}}
,"Q:\\use-cron-parser\\src\\types.ts": {"path":"Q:\\use-cron-parser\\src\\types.ts","statementMap":{"0":{"start":{"line":1,"column":0},"end":{"line":1,"column":null}},"1":{"start":{"line":2,"column":2},"end":{"line":2,"column":null}},"2":{"start":{"line":3,"column":2},"end":{"line":3,"column":null}},"3":{"start":{"line":4,"column":2},"end":{"line":4,"column":null}},"4":{"start":{"line":5,"column":2},"end":{"line":5,"column":null}},"5":{"start":{"line":8,"column":0},"end":{"line":8,"column":null}},"6":{"start":{"line":9,"column":2},"end":{"line":9,"column":null}},"7":{"start":{"line":10,"column":2},"end":{"line":10,"column":null}},"8":{"start":{"line":11,"column":2},"end":{"line":11,"column":null}},"9":{"start":{"line":12,"column":2},"end":{"line":12,"column":null}},"10":{"start":{"line":13,"column":2},"end":{"line":13,"column":null}}},"fnMap":{"0":{"name":"(anonymous_0)","decl":{"start":{"line":1,"column":0},"end":{"line":1,"column":12}},"loc":{"start":{"line":1,"column":20},"end":{"line":6,"column":1}}},"1":{"name":"(anonymous_1)","decl":{"start":{"line":8,"column":0},"end":{"line":8,"column":12}},"loc":{"start":{"line":8,"column":25},"end":{"line":14,"column":1}}}},"branchMap":{"0":{"loc":{"start":{"line":1,"column":12},"end":{"line":1,"column":20}},"type":"binary-expr","locations":[{"start":{"line":1,"column":12},"end":{"line":1,"column":20}},{"start":{"line":1,"column":12},"end":{"line":1,"column":null}}]},"1":{"loc":{"start":{"line":8,"column":12},"end":{"line":8,"column":25}},"type":"binary-expr","locations":[{"start":{"line":8,"column":12},"end":{"line":8,"column":25}},{"start":{"line":8,"column":12},"end":{"line":8,"column":null}}]}},"s":{"0":1,"1":1,"2":1,"3":1,"4":1,"5":1,"6":1,"7":1,"8":1,"9":1,"10":1},"f":{"0":1,"1":1},"b":{"0":[1,1],"1":[1,1]}}
,"Q:\\use-cron-parser\\src\\useCronParser.ts": {"path":"Q:\\use-cron-parser\\src\\useCronParser.ts","statementMap":{"0":{"start":{"line":1,"column":0},"end":{"line":1,"column":32}},"1":{"start":{"line":2,"column":0},"end":{"line":2,"column":31}},"2":{"start":{"line":3,"column":0},"end":{"line":3,"column":53}},"3":{"start":{"line":4,"column":0},"end":{"line":4,"column":39}},"4":{"start":{"line":5,"column":0},"end":{"line":5,"column":47}},"5":{"start":{"line":6,"column":0},"end":{"line":6,"column":94}},"6":{"start":{"line":8,"column":13},"end":{"line":10,"column":2}},"7":{"start":{"line":13,"column":16},"end":{"line":13,"column":null}},"8":{"start":{"line":14,"column":6},"end":{"line":14,"column":null}},"9":{"start":{"line":15,"column":12},"end":{"line":15,"column":null}},"10":{"start":{"line":16,"column":9},"end":{"line":16,"column":null}},"11":{"start":{"line":17,"column":10},"end":{"line":17,"column":null}},"12":{"start":{"line":18,"column":13},"end":{"line":18,"column":null}},"13":{"start":{"line":20,"column":31},"end":{"line":26,"column":4}},"14":{"start":{"line":27,"column":2},"end":{"line":42,"column":null}},"15":{"start":{"line":29,"column":4},"end":{"line":29,"column":61}},"16":{"start":{"line":30,"column":4},"end":{"line":30,"column":53}},"17":{"start":{"line":31,"column":9},"end":{"line":42,"column":null}},"18":{"start":{"line":33,"column":4},"end":{"line":37,"column":null}},"19":{"start":{"line":34,"column":6},"end":{"line":34,"column":32}},"20":{"start":{"line":36,"column":6},"end":{"line":36,"column":36}},"21":{"start":{"line":38,"column":9},"end":{"line":42,"column":null}},"22":{"start":{"line":40,"column":22},"end":{"line":40,"column":50}},"23":{"start":{"line":41,"column":4},"end":{"line":41,"column":53}},"24":{"start":{"line":44,"column":2},"end":{"line":44,"column":57}},"25":{"start":{"line":46,"column":2},"end":{"line":46,"column":19}},"26":{"start":{"line":50,"column":9},"end":{"line":50,"column":null}},"27":{"start":{"line":51,"column":9},"end":{"line":51,"column":null}},"28":{"start":{"line":52,"column":7},"end":{"line":52,"column":null}},"29":{"start":{"line":53,"column":10},"end":{"line":53,"column":null}},"30":{"start":{"line":54,"column":7},"end":{"line":54,"column":null}},"31":{"start":{"line":56,"column":8},"end":{"line":56,"column":36}},"32":{"start":{"line":58,"column":8},"end":{"line":64,"column":5}},"33":{"start":{"line":65,"column":8},"end":{"line":72,"column":5}},"34":{"start":{"line":73,"column":8},"end":{"line":80,"column":5}},"35":{"start":{"line":81,"column":8},"end":{"line":88,"column":5}},"36":{"start":{"line":90,"column":2},"end":{"line":90,"column":46}},"37":{"start":{"line":91,"column":2},"end":{"line":91,"column":46}},"38":{"start":{"line":92,"column":2},"end":{"line":92,"column":42}},"39":{"start":{"line":93,"column":2},"end":{"line":93,"column":45}},"40":{"start":{"line":95,"column":2},"end":{"line":95,"column":23}},"41":{"start":{"line":97,"column":9},"end":{"line":97,"column":null}},"42":{"start":{"line":97,"column":13},"end":{"line":97,"column":null}},"43":{"start":{"line":98,"column":10},"end":{"line":103,"column":7}},"44":{"start":{"line":105,"column":4},"end":{"line":105,"column":81}},"45":{"start":{"line":107,"column":4},"end":{"line":107,"column":15}},"46":{"start":{"line":111,"column":13},"end":{"line":125,"column":2}},"47":{"start":{"line":115,"column":20},"end":{"line":122,"column":22}},"48":{"start":{"line":116,"column":32},"end":{"line":116,"column":57}},"49":{"start":{"line":117,"column":4},"end":{"line":119,"column":null}},"50":{"start":{"line":118,"column":6},"end":{"line":118,"column":36}},"51":{"start":{"line":121,"column":4},"end":{"line":121,"column":43}},"52":{"start":{"line":124,"column":2},"end":{"line":124,"column":24}}},"fnMap":{"0":{"name":"getCronValue","decl":{"start":{"line":12,"column":9},"end":{"line":12,"column":21}},"loc":{"start":{"line":19,"column":12},"end":{"line":47,"column":1}}},"1":{"name":"cronParser","decl":{"start":{"line":49,"column":10},"end":{"line":49,"column":20}},"loc":{"start":{"line":55,"column":11},"end":{"line":109,"column":null}}},"2":{"name":"(anonymous_3)","decl":{"start":{"line":111,"column":29},"end":{"line":111,"column":null}},"loc":{"start":{"line":113,"column":32},"end":{"line":125,"column":1}}},"3":{"name":"(anonymous_4)","decl":{"start":{"line":115,"column":28},"end":{"line":115,"column":null}},"loc":{"start":{"line":115,"column":28},"end":{"line":122,"column":3}}}},"branchMap":{"0":{"loc":{"start":{"line":22,"column":38},"end":{"line":22,"column":39}},"type":"cond-expr","locations":[{"start":{"line":22,"column":38},"end":{"line":22,"column":39}},{"start":{"line":22,"column":42},"end":{"line":22,"column":43}}]},"1":{"loc":{"start":{"line":27,"column":2},"end":{"line":42,"column":null}},"type":"if","locations":[{"start":{"line":27,"column":2},"end":{"line":42,"column":null}},{"start":{"line":27,"column":2},"end":{"line":42,"column":null}}]},"2":{"loc":{"start":{"line":31,"column":9},"end":{"line":42,"column":null}},"type":"if","locations":[{"start":{"line":31,"column":9},"end":{"line":42,"column":null}},{"start":{"line":31,"column":9},"end":{"line":42,"column":null}}]},"3":{"loc":{"start":{"line":31,"column":13},"end":{"line":31,"column":31}},"type":"binary-expr","locations":[{"start":{"line":31,"column":13},"end":{"line":31,"column":31}},{"start":{"line":31,"column":35},"end":{"line":31,"column":56}}]},"4":{"loc":{"start":{"line":31,"column":47},"end":{"line":31,"column":49}},"type":"cond-expr","locations":[{"start":{"line":31,"column":47},"end":{"line":31,"column":49}},{"start":{"line":31,"column":36},"end":{"line":31,"column":54}}]},"5":{"loc":{"start":{"line":31,"column":36},"end":{"line":31,"column":49}},"type":"binary-expr","locations":[{"start":{"line":31,"column":36},"end":{"line":31,"column":49}},{"start":{"line":31,"column":36},"end":{"line":31,"column":49}}]},"6":{"loc":{"start":{"line":33,"column":4},"end":{"line":37,"column":null}},"type":"if","locations":[{"start":{"line":33,"column":4},"end":{"line":37,"column":null}},{"start":{"line":33,"column":4},"end":{"line":37,"column":null}}]},"7":{"loc":{"start":{"line":33,"column":8},"end":{"line":33,"column":19}},"type":"binary-expr","locations":[{"start":{"line":33,"column":8},"end":{"line":33,"column":19}},{"start":{"line":33,"column":23},"end":{"line":33,"column":46}}]},"8":{"loc":{"start":{"line":38,"column":9},"end":{"line":42,"column":null}},"type":"if","locations":[{"start":{"line":38,"column":9},"end":{"line":42,"column":null}},{"start":{"line":38,"column":9},"end":{"line":42,"column":null}}]},"9":{"loc":{"start":{"line":97,"column":9},"end":{"line":97,"column":null}},"type":"if","locations":[{"start":{"line":97,"column":9},"end":{"line":97,"column":null}},{"start":{"line":97,"column":9},"end":{"line":97,"column":null}}]},"10":{"loc":{"start":{"line":117,"column":4},"end":{"line":119,"column":null}},"type":"if","locations":[{"start":{"line":117,"column":4},"end":{"line":119,"column":null}},{"start":{"line":117,"column":4},"end":{"line":119,"column":null}}]},"11":{"loc":{"start":{"line":117,"column":16},"end":{"line":117,"column":18}},"type":"cond-expr","locations":[{"start":{"line":117,"column":16},"end":{"line":117,"column":18}},{"start":{"line":117,"column":9},"end":{"line":117,"column":32}}]},"12":{"loc":{"start":{"line":117,"column":9},"end":{"line":117,"column":18}},"type":"binary-expr","locations":[{"start":{"line":117,"column":9},"end":{"line":117,"column":18}},{"start":{"line":117,"column":9},"end":{"line":117,"column":18}}]}},"s":{"0":1,"1":1,"2":1,"3":1,"4":1,"5":1,"6":1,"7":36,"8":36,"9":36,"10":36,"11":36,"12":36,"13":36,"14":36,"15":19,"16":19,"17":17,"18":9,"19":3,"20":6,"21":8,"22":0,"23":0,"24":36,"25":36,"26":9,"27":9,"28":9,"29":9,"30":9,"31":9,"32":9,"33":9,"34":9,"35":9,"36":9,"37":9,"38":9,"39":9,"40":12,"41":3,"42":0,"43":3,"44":3,"45":3,"46":1,"47":9,"48":9,"49":9,"50":9,"51":9,"52":9},"f":{"0":36,"1":9,"2":9,"3":9},"b":{"0":[17,19],"1":[19,17],"2":[9,8],"3":[17,17],"4":[2,15],"5":[17,17],"6":[3,6],"7":[9,7],"8":[0,8],"9":[0,3],"10":[9,0],"11":[9,0],"12":[9,9]}}
,"Q:\\use-cron-parser\\src\\validator.ts": {"path":"Q:\\use-cron-parser\\src\\validator.ts","statementMap":{"0":{"start":{"line":1,"column":22},"end":{"line":7,"column":2}},"1":{"start":{"line":9,"column":13},"end":{"line":43,"column":2}},"2":{"start":{"line":10,"column":12},"end":{"line":10,"column":16}},"3":{"start":{"line":12,"column":2},"end":{"line":18,"column":null}},"4":{"start":{"line":17,"column":4},"end":{"line":17,"column":16}},"5":{"start":{"line":20,"column":53},"end":{"line":20,"column":73}},"6":{"start":{"line":22,"column":2},"end":{"line":24,"column":null}},"7":{"start":{"line":23,"column":4},"end":{"line":23,"column":16}},"8":{"start":{"line":26,"column":2},"end":{"line":28,"column":null}},"9":{"start":{"line":27,"column":4},"end":{"line":27,"column":16}},"10":{"start":{"line":30,"column":2},"end":{"line":32,"column":null}},"11":{"start":{"line":31,"column":4},"end":{"line":31,"column":16}},"12":{"start":{"line":34,"column":2},"end":{"line":36,"column":null}},"13":{"start":{"line":35,"column":4},"end":{"line":35,"column":16}},"14":{"start":{"line":38,"column":2},"end":{"line":40,"column":null}},"15":{"start":{"line":39,"column":4},"end":{"line":39,"column":16}},"16":{"start":{"line":42,"column":2},"end":{"line":42,"column":13}}},"fnMap":{"0":{"name":"(anonymous_0)","decl":{"start":{"line":9,"column":24},"end":{"line":9,"column":25}},"loc":{"start":{"line":9,"column":54},"end":{"line":43,"column":1}}}},"branchMap":{"0":{"loc":{"start":{"line":12,"column":2},"end":{"line":18,"column":null}},"type":"if","locations":[{"start":{"line":12,"column":2},"end":{"line":18,"column":null}},{"start":{"line":12,"column":2},"end":{"line":18,"column":null}}]},"1":{"loc":{"start":{"line":13,"column":4},"end":{"line":13,"column":24}},"type":"binary-expr","locations":[{"start":{"line":13,"column":4},"end":{"line":13,"column":24}},{"start":{"line":14,"column":4},"end":{"line":14,"column":31}},{"start":{"line":15,"column":4},"end":{"line":15,"column":36}}]},"2":{"loc":{"start":{"line":22,"column":2},"end":{"line":24,"column":null}},"type":"if","locations":[{"start":{"line":22,"column":2},"end":{"line":24,"column":null}},{"start":{"line":22,"column":2},"end":{"line":24,"column":null}}]},"3":{"loc":{"start":{"line":26,"column":2},"end":{"line":28,"column":null}},"type":"if","locations":[{"start":{"line":26,"column":2},"end":{"line":28,"column":null}},{"start":{"line":26,"column":2},"end":{"line":28,"column":null}}]},"4":{"loc":{"start":{"line":30,"column":2},"end":{"line":32,"column":null}},"type":"if","locations":[{"start":{"line":30,"column":2},"end":{"line":32,"column":null}},{"start":{"line":30,"column":2},"end":{"line":32,"column":null}}]},"5":{"loc":{"start":{"line":34,"column":2},"end":{"line":36,"column":null}},"type":"if","locations":[{"start":{"line":34,"column":2},"end":{"line":36,"column":null}},{"start":{"line":34,"column":2},"end":{"line":36,"column":null}}]},"6":{"loc":{"start":{"line":38,"column":2},"end":{"line":40,"column":null}},"type":"if","locations":[{"start":{"line":38,"column":2},"end":{"line":40,"column":null}},{"start":{"line":38,"column":2},"end":{"line":40,"column":null}}]}},"s":{"0":1,"1":1,"2":9,"3":9,"4":0,"5":45,"6":9,"7":4,"8":9,"9":4,"10":9,"11":4,"12":9,"13":4,"14":9,"15":4,"16":9},"f":{"0":9},"b":{"0":[0,9],"1":[9,9,9],"2":[4,5],"3":[4,5],"4":[4,5],"5":[4,5],"6":[4,5]}}
,"Q:\\use-cron-parser\\src\\rules\\apply.ts": {"path":"Q:\\use-cron-parser\\src\\rules\\apply.ts","statementMap":{"0":{"start":{"line":1,"column":0},"end":{"line":1,"column":54}},"1":{"start":{"line":2,"column":0},"end":{"line":2,"column":47}},"2":{"start":{"line":8,"column":13},"end":{"line":26,"column":2}},"3":{"start":{"line":12,"column":2},"end":{"line":25,"column":null}},"4":{"start":{"line":18,"column":6},"end":{"line":23,"column":null}},"5":{"start":{"line":21,"column":40},"end":{"line":21,"column":103}},"6":{"start":{"line":22,"column":10},"end":{"line":22,"column":78}},"7":{"start":{"line":24,"column":6},"end":{"line":24,"column":12}}},"fnMap":{"0":{"name":"(anonymous_0)","decl":{"start":{"line":8,"column":30},"end":{"line":8,"column":null}},"loc":{"start":{"line":10,"column":27},"end":{"line":26,"column":1}}}},"branchMap":{"0":{"loc":{"start":{"line":17,"column":4},"end":{"line":24,"column":12}},"type":"switch","locations":[{"start":{"line":17,"column":4},"end":{"line":24,"column":12}}]},"1":{"loc":{"start":{"line":18,"column":6},"end":{"line":23,"column":null}},"type":"if","locations":[{"start":{"line":18,"column":6},"end":{"line":23,"column":null}},{"start":{"line":18,"column":6},"end":{"line":23,"column":null}}]}},"s":{"0":1,"1":1,"2":1,"3":39,"4":12,"5":2,"6":2,"7":12},"f":{"0":39},"b":{"0":[12],"1":[2,10]}}
}
