TN:
SF:src\timeHelpers.ts
FN:1,(anonymous_0)
FN:11,(anonymous_1)
FNF:2
FNH:2
FNDA:12,(anonymous_0)
FNDA:2,(anonymous_1)
DA:1,1
DA:5,12
DA:6,12
DA:8,12
DA:11,1
DA:12,2
DA:13,2
DA:14,3
DA:16,3
DA:17,3
DA:18,2
DA:22,2
LF:12
LH:12
BRDA:17,0,0,2
BRDA:17,0,1,1
BRF:2
BRH:2
end_of_record
TN:
SF:src\types.ts
FN:1,(anonymous_0)
FN:8,(anonymous_1)
FNF:2
FNH:2
FNDA:1,(anonymous_0)
FNDA:1,(anonymous_1)
DA:1,1
DA:2,1
DA:3,1
DA:4,1
DA:5,1
DA:8,1
DA:9,1
DA:10,1
DA:11,1
DA:12,1
DA:13,1
LF:11
LH:11
BRDA:1,0,0,1
BRDA:1,0,1,1
BRDA:8,1,0,1
BRDA:8,1,1,1
BRF:4
BRH:4
end_of_record
TN:
SF:src\useCronParser.ts
FN:12,getCronValue
FN:49,cronParser
FN:111,(anonymous_3)
FN:115,(anonymous_4)
FNF:4
FNH:4
FNDA:36,getCronValue
FNDA:9,cronParser
FNDA:9,(anonymous_3)
FNDA:9,(anonymous_4)
DA:1,1
DA:2,1
DA:3,1
DA:4,1
DA:5,1
DA:6,1
DA:8,1
DA:13,36
DA:14,36
DA:15,36
DA:16,36
DA:17,36
DA:18,36
DA:20,36
DA:27,36
DA:29,19
DA:30,19
DA:31,17
DA:33,9
DA:34,3
DA:36,6
DA:38,8
DA:40,0
DA:41,0
DA:44,36
DA:46,36
DA:50,9
DA:51,9
DA:52,9
DA:53,9
DA:54,9
DA:56,9
DA:58,9
DA:65,9
DA:73,9
DA:81,9
DA:90,9
DA:91,9
DA:92,9
DA:93,9
DA:95,12
DA:97,3
DA:98,3
DA:105,3
DA:107,3
DA:111,1
DA:115,9
DA:116,9
DA:117,9
DA:118,9
DA:121,9
DA:124,9
LF:52
LH:50
BRDA:22,0,0,17
BRDA:22,0,1,19
BRDA:27,1,0,19
BRDA:27,1,1,17
BRDA:31,2,0,9
BRDA:31,2,1,8
BRDA:31,3,0,17
BRDA:31,3,1,17
BRDA:31,4,0,2
BRDA:31,4,1,15
BRDA:31,5,0,17
BRDA:31,5,1,17
BRDA:33,6,0,3
BRDA:33,6,1,6
BRDA:33,7,0,9
BRDA:33,7,1,7
BRDA:38,8,0,0
BRDA:38,8,1,8
BRDA:97,9,0,0
BRDA:97,9,1,3
BRDA:117,10,0,9
BRDA:117,10,1,0
BRDA:117,11,0,9
BRDA:117,11,1,0
BRDA:117,12,0,9
BRDA:117,12,1,9
BRF:26
BRH:22
end_of_record
TN:
SF:src\validator.ts
FN:9,(anonymous_0)
FNF:1
FNH:1
FNDA:9,(anonymous_0)
DA:1,1
DA:9,1
DA:10,9
DA:12,9
DA:17,0
DA:20,45
DA:22,9
DA:23,4
DA:26,9
DA:27,4
DA:30,9
DA:31,4
DA:34,9
DA:35,4
DA:38,9
DA:39,4
DA:42,9
LF:17
LH:16
BRDA:12,0,0,0
BRDA:12,0,1,9
BRDA:13,1,0,9
BRDA:13,1,1,9
BRDA:13,1,2,9
BRDA:22,2,0,4
BRDA:22,2,1,5
BRDA:26,3,0,4
BRDA:26,3,1,5
BRDA:30,4,0,4
BRDA:30,4,1,5
BRDA:34,5,0,4
BRDA:34,5,1,5
BRDA:38,6,0,4
BRDA:38,6,1,5
BRF:15
BRH:14
end_of_record
TN:
SF:src\rules\apply.ts
FN:8,(anonymous_0)
FNF:1
FNH:1
FNDA:39,(anonymous_0)
DA:1,1
DA:2,1
DA:8,1
DA:12,39
DA:18,12
DA:21,2
DA:22,2
DA:24,12
LF:8
LH:8
BRDA:17,0,0,12
BRDA:18,1,0,2
BRDA:18,1,1,10
BRF:3
BRH:3
end_of_record
